[2019-11-21 16:05:11,472][17604][project][tMiddleware.py 69 WARNING]: 
request  : /v1/project/  OPTIONS [handler: 0]
token    : notoken
projectid: noprojectid
query    : {}

Traceback (most recent call last):
  File "D:\Programs\python37\lib\site-packages\flask\app.py", line 1947, in full_dispatch_request
    rv = self.preprocess_request()
  File "D:\Programs\python37\lib\site-packages\flask\app.py", line 2241, in preprocess_request
    rv = func()
  File "G:\gitworkspace\TcloudServer\library\api\tMiddleware.py", line 111, in handle_before
    raise NotLoginException
library.api.exceptions.NotLoginException: not login

[2019-11-21 16:05:11,549][17604][project][tMiddleware.py 69 WARNING]: 
request  : /v1/project/  OPTIONS [handler: 0]
token    : notoken
projectid: noprojectid
query    : {}

Traceback (most recent call last):
  File "D:\Programs\python37\lib\site-packages\flask\app.py", line 1947, in full_dispatch_request
    rv = self.preprocess_request()
  File "D:\Programs\python37\lib\site-packages\flask\app.py", line 2241, in preprocess_request
    rv = func()
  File "G:\gitworkspace\TcloudServer\library\api\tMiddleware.py", line 111, in handle_before
    raise NotLoginException
library.api.exceptions.NotLoginException: not login

[2019-11-21 16:08:47,103][17604][project][tMiddleware.py 69 WARNING]: 
request  : /v1/project/  OPTIONS [handler: 0]
token    : notoken
projectid: noprojectid
query    : {}

Traceback (most recent call last):
  File "D:\Programs\python37\lib\site-packages\flask\app.py", line 1947, in full_dispatch_request
    rv = self.preprocess_request()
  File "D:\Programs\python37\lib\site-packages\flask\app.py", line 2241, in preprocess_request
    rv = func()
  File "G:\gitworkspace\TcloudServer\library\api\tMiddleware.py", line 111, in handle_before
    raise NotLoginException
library.api.exceptions.NotLoginException: not login

[2019-11-21 16:08:47,111][17604][project][tMiddleware.py 69 WARNING]: 
request  : /v1/project/  OPTIONS [handler: 0]
token    : notoken
projectid: noprojectid
query    : {}

Traceback (most recent call last):
  File "D:\Programs\python37\lib\site-packages\flask\app.py", line 1947, in full_dispatch_request
    rv = self.preprocess_request()
  File "D:\Programs\python37\lib\site-packages\flask\app.py", line 2241, in preprocess_request
    rv = func()
  File "G:\gitworkspace\TcloudServer\library\api\tMiddleware.py", line 111, in handle_before
    raise NotLoginException
library.api.exceptions.NotLoginException: not login

[2019-11-22 13:24:42,163][33704][project][tMiddleware.py 69 WARNING]: 
request  : /v1/project/  OPTIONS [handler: 0]
token    : notoken
projectid: noprojectid
query    : {}

Traceback (most recent call last):
  File "D:\Programs\python37\lib\site-packages\flask\app.py", line 1947, in full_dispatch_request
    rv = self.preprocess_request()
  File "D:\Programs\python37\lib\site-packages\flask\app.py", line 2241, in preprocess_request
    rv = func()
  File "G:\gitworkspace\TcloudServer\library\api\tMiddleware.py", line 111, in handle_before
    raise NotLoginException
library.api.exceptions.NotLoginException: not login

[2019-11-22 13:24:42,168][33704][project][tMiddleware.py 69 WARNING]: 
request  : /v1/project/  OPTIONS [handler: 0]
token    : notoken
projectid: noprojectid
query    : {}

Traceback (most recent call last):
  File "D:\Programs\python37\lib\site-packages\flask\app.py", line 1947, in full_dispatch_request
    rv = self.preprocess_request()
  File "D:\Programs\python37\lib\site-packages\flask\app.py", line 2241, in preprocess_request
    rv = func()
  File "G:\gitworkspace\TcloudServer\library\api\tMiddleware.py", line 111, in handle_before
    raise NotLoginException
library.api.exceptions.NotLoginException: not login

[2019-11-22 15:34:09,299][31152][project][tMiddleware.py 69 WARNING]: 
request  : /v1/project/  OPTIONS [handler: 0]
token    : notoken
projectid: noprojectid
query    : {}

Traceback (most recent call last):
  File "D:\Programs\python37\lib\site-packages\flask\app.py", line 1947, in full_dispatch_request
    rv = self.preprocess_request()
  File "D:\Programs\python37\lib\site-packages\flask\app.py", line 2241, in preprocess_request
    rv = func()
  File "G:\gitworkspace\TcloudServer\library\api\tMiddleware.py", line 111, in handle_before
    raise NotLoginException
library.api.exceptions.NotLoginException: not login

[2019-11-22 15:34:09,303][31152][project][tMiddleware.py 69 WARNING]: 
request  : /v1/project/  OPTIONS [handler: 0]
token    : notoken
projectid: noprojectid
query    : {}

Traceback (most recent call last):
  File "D:\Programs\python37\lib\site-packages\flask\app.py", line 1947, in full_dispatch_request
    rv = self.preprocess_request()
  File "D:\Programs\python37\lib\site-packages\flask\app.py", line 2241, in preprocess_request
    rv = func()
  File "G:\gitworkspace\TcloudServer\library\api\tMiddleware.py", line 111, in handle_before
    raise NotLoginException
library.api.exceptions.NotLoginException: not login

[2019-11-22 16:47:23,880][31152][project][tMiddleware.py 69 WARNING]: 
request  : /v1/project/  OPTIONS [handler: 0]
token    : notoken
projectid: noprojectid
query    : {}

Traceback (most recent call last):
  File "D:\Programs\python37\lib\site-packages\flask\app.py", line 1947, in full_dispatch_request
    rv = self.preprocess_request()
  File "D:\Programs\python37\lib\site-packages\flask\app.py", line 2241, in preprocess_request
    rv = func()
  File "G:\gitworkspace\TcloudServer\library\api\tMiddleware.py", line 111, in handle_before
    raise NotLoginException
library.api.exceptions.NotLoginException: not login

[2019-11-22 16:47:24,016][31152][project][tMiddleware.py 69 WARNING]: 
request  : /v1/project/  OPTIONS [handler: 0]
token    : notoken
projectid: noprojectid
query    : {}

Traceback (most recent call last):
  File "D:\Programs\python37\lib\site-packages\flask\app.py", line 1947, in full_dispatch_request
    rv = self.preprocess_request()
  File "D:\Programs\python37\lib\site-packages\flask\app.py", line 2241, in preprocess_request
    rv = func()
  File "G:\gitworkspace\TcloudServer\library\api\tMiddleware.py", line 111, in handle_before
    raise NotLoginException
library.api.exceptions.NotLoginException: not login

[2019-11-22 16:49:42,946][31152][project][tMiddleware.py 69 WARNING]: 
request  : /v1/project/  OPTIONS [handler: 0]
token    : notoken
projectid: noprojectid
query    : {}

Traceback (most recent call last):
  File "D:\Programs\python37\lib\site-packages\flask\app.py", line 1947, in full_dispatch_request
    rv = self.preprocess_request()
  File "D:\Programs\python37\lib\site-packages\flask\app.py", line 2241, in preprocess_request
    rv = func()
  File "G:\gitworkspace\TcloudServer\library\api\tMiddleware.py", line 111, in handle_before
    raise NotLoginException
library.api.exceptions.NotLoginException: not login

[2019-11-22 16:49:42,956][31152][project][tMiddleware.py 69 WARNING]: 
request  : /v1/project/  OPTIONS [handler: 0]
token    : notoken
projectid: noprojectid
query    : {}

Traceback (most recent call last):
  File "D:\Programs\python37\lib\site-packages\flask\app.py", line 1947, in full_dispatch_request
    rv = self.preprocess_request()
  File "D:\Programs\python37\lib\site-packages\flask\app.py", line 2241, in preprocess_request
    rv = func()
  File "G:\gitworkspace\TcloudServer\library\api\tMiddleware.py", line 111, in handle_before
    raise NotLoginException
library.api.exceptions.NotLoginException: not login

[2019-11-22 16:58:48,565][31152][project][tMiddleware.py 69 WARNING]: 
request  : /v1/project/  OPTIONS [handler: 0]
token    : notoken
projectid: noprojectid
query    : {}

Traceback (most recent call last):
  File "D:\Programs\python37\lib\site-packages\flask\app.py", line 1947, in full_dispatch_request
    rv = self.preprocess_request()
  File "D:\Programs\python37\lib\site-packages\flask\app.py", line 2241, in preprocess_request
    rv = func()
  File "G:\gitworkspace\TcloudServer\library\api\tMiddleware.py", line 111, in handle_before
    raise NotLoginException
library.api.exceptions.NotLoginException: not login

[2019-11-22 16:58:48,630][31152][project][tMiddleware.py 69 WARNING]: 
request  : /v1/project/  OPTIONS [handler: 0]
token    : notoken
projectid: noprojectid
query    : {}

Traceback (most recent call last):
  File "D:\Programs\python37\lib\site-packages\flask\app.py", line 1947, in full_dispatch_request
    rv = self.preprocess_request()
  File "D:\Programs\python37\lib\site-packages\flask\app.py", line 2241, in preprocess_request
    rv = func()
  File "G:\gitworkspace\TcloudServer\library\api\tMiddleware.py", line 111, in handle_before
    raise NotLoginException
library.api.exceptions.NotLoginException: not login

[2019-11-22 17:00:07,965][31152][project][tMiddleware.py 69 WARNING]: 
request  : /v1/project/  OPTIONS [handler: 0]
token    : notoken
projectid: noprojectid
query    : {}

Traceback (most recent call last):
  File "D:\Programs\python37\lib\site-packages\flask\app.py", line 1947, in full_dispatch_request
    rv = self.preprocess_request()
  File "D:\Programs\python37\lib\site-packages\flask\app.py", line 2241, in preprocess_request
    rv = func()
  File "G:\gitworkspace\TcloudServer\library\api\tMiddleware.py", line 111, in handle_before
    raise NotLoginException
library.api.exceptions.NotLoginException: not login

[2019-11-22 17:00:08,025][31152][project][tMiddleware.py 69 WARNING]: 
request  : /v1/project/  OPTIONS [handler: 0]
token    : notoken
projectid: noprojectid
query    : {}

Traceback (most recent call last):
  File "D:\Programs\python37\lib\site-packages\flask\app.py", line 1947, in full_dispatch_request
    rv = self.preprocess_request()
  File "D:\Programs\python37\lib\site-packages\flask\app.py", line 2241, in preprocess_request
    rv = func()
  File "G:\gitworkspace\TcloudServer\library\api\tMiddleware.py", line 111, in handle_before
    raise NotLoginException
library.api.exceptions.NotLoginException: not login

[2019-11-22 17:10:36,520][31152][project][tMiddleware.py 69 WARNING]: 
request  : /v1/project/  OPTIONS [handler: 0]
token    : notoken
projectid: noprojectid
query    : {}

Traceback (most recent call last):
  File "D:\Programs\python37\lib\site-packages\flask\app.py", line 1947, in full_dispatch_request
    rv = self.preprocess_request()
  File "D:\Programs\python37\lib\site-packages\flask\app.py", line 2241, in preprocess_request
    rv = func()
  File "G:\gitworkspace\TcloudServer\library\api\tMiddleware.py", line 111, in handle_before
    raise NotLoginException
library.api.exceptions.NotLoginException: not login

[2019-11-22 17:10:36,533][31152][project][tMiddleware.py 69 WARNING]: 
request  : /v1/project/  OPTIONS [handler: 0]
token    : notoken
projectid: noprojectid
query    : {}

Traceback (most recent call last):
  File "D:\Programs\python37\lib\site-packages\flask\app.py", line 1947, in full_dispatch_request
    rv = self.preprocess_request()
  File "D:\Programs\python37\lib\site-packages\flask\app.py", line 2241, in preprocess_request
    rv = func()
  File "G:\gitworkspace\TcloudServer\library\api\tMiddleware.py", line 111, in handle_before
    raise NotLoginException
library.api.exceptions.NotLoginException: not login

[2019-11-22 17:20:49,809][31152][project][tMiddleware.py 69 WARNING]: 
request  : /v1/project/  OPTIONS [handler: 0]
token    : notoken
projectid: noprojectid
query    : {}

Traceback (most recent call last):
  File "D:\Programs\python37\lib\site-packages\flask\app.py", line 1947, in full_dispatch_request
    rv = self.preprocess_request()
  File "D:\Programs\python37\lib\site-packages\flask\app.py", line 2241, in preprocess_request
    rv = func()
  File "G:\gitworkspace\TcloudServer\library\api\tMiddleware.py", line 111, in handle_before
    raise NotLoginException
library.api.exceptions.NotLoginException: not login

[2019-11-22 17:20:49,897][31152][project][tMiddleware.py 69 WARNING]: 
request  : /v1/project/  OPTIONS [handler: 0]
token    : notoken
projectid: noprojectid
query    : {}

Traceback (most recent call last):
  File "D:\Programs\python37\lib\site-packages\flask\app.py", line 1947, in full_dispatch_request
    rv = self.preprocess_request()
  File "D:\Programs\python37\lib\site-packages\flask\app.py", line 2241, in preprocess_request
    rv = func()
  File "G:\gitworkspace\TcloudServer\library\api\tMiddleware.py", line 111, in handle_before
    raise NotLoginException
library.api.exceptions.NotLoginException: not login

[2019-11-22 17:26:10,405][31152][project][tMiddleware.py 69 WARNING]: 
request  : /v1/project/  OPTIONS [handler: 0]
token    : notoken
projectid: noprojectid
query    : {}

Traceback (most recent call last):
  File "D:\Programs\python37\lib\site-packages\flask\app.py", line 1947, in full_dispatch_request
    rv = self.preprocess_request()
  File "D:\Programs\python37\lib\site-packages\flask\app.py", line 2241, in preprocess_request
    rv = func()
  File "G:\gitworkspace\TcloudServer\library\api\tMiddleware.py", line 111, in handle_before
    raise NotLoginException
library.api.exceptions.NotLoginException: not login

[2019-11-22 17:26:10,415][31152][project][tMiddleware.py 69 WARNING]: 
request  : /v1/project/  OPTIONS [handler: 0]
token    : notoken
projectid: noprojectid
query    : {}

Traceback (most recent call last):
  File "D:\Programs\python37\lib\site-packages\flask\app.py", line 1947, in full_dispatch_request
    rv = self.preprocess_request()
  File "D:\Programs\python37\lib\site-packages\flask\app.py", line 2241, in preprocess_request
    rv = func()
  File "G:\gitworkspace\TcloudServer\library\api\tMiddleware.py", line 111, in handle_before
    raise NotLoginException
library.api.exceptions.NotLoginException: not login

[2019-11-22 17:26:45,124][31152][project][tMiddleware.py 69 WARNING]: 
request  : /v1/project/  OPTIONS [handler: 0]
token    : notoken
projectid: noprojectid
query    : {}

Traceback (most recent call last):
  File "D:\Programs\python37\lib\site-packages\flask\app.py", line 1947, in full_dispatch_request
    rv = self.preprocess_request()
  File "D:\Programs\python37\lib\site-packages\flask\app.py", line 2241, in preprocess_request
    rv = func()
  File "G:\gitworkspace\TcloudServer\library\api\tMiddleware.py", line 111, in handle_before
    raise NotLoginException
library.api.exceptions.NotLoginException: not login

[2019-11-22 17:26:45,134][31152][project][tMiddleware.py 69 WARNING]: 
request  : /v1/project/  OPTIONS [handler: 0]
token    : notoken
projectid: noprojectid
query    : {}

Traceback (most recent call last):
  File "D:\Programs\python37\lib\site-packages\flask\app.py", line 1947, in full_dispatch_request
    rv = self.preprocess_request()
  File "D:\Programs\python37\lib\site-packages\flask\app.py", line 2241, in preprocess_request
    rv = func()
  File "G:\gitworkspace\TcloudServer\library\api\tMiddleware.py", line 111, in handle_before
    raise NotLoginException
library.api.exceptions.NotLoginException: not login

[2019-11-22 17:31:47,497][31152][project][tMiddleware.py 69 WARNING]: 
request  : /v1/project/  OPTIONS [handler: 0]
token    : notoken
projectid: noprojectid
query    : {}

Traceback (most recent call last):
  File "D:\Programs\python37\lib\site-packages\flask\app.py", line 1947, in full_dispatch_request
    rv = self.preprocess_request()
  File "D:\Programs\python37\lib\site-packages\flask\app.py", line 2241, in preprocess_request
    rv = func()
  File "G:\gitworkspace\TcloudServer\library\api\tMiddleware.py", line 111, in handle_before
    raise NotLoginException
library.api.exceptions.NotLoginException: not login

[2019-11-22 17:31:47,517][31152][project][tMiddleware.py 69 WARNING]: 
request  : /v1/project/  OPTIONS [handler: 0]
token    : notoken
projectid: noprojectid
query    : {}

Traceback (most recent call last):
  File "D:\Programs\python37\lib\site-packages\flask\app.py", line 1947, in full_dispatch_request
    rv = self.preprocess_request()
  File "D:\Programs\python37\lib\site-packages\flask\app.py", line 2241, in preprocess_request
    rv = func()
  File "G:\gitworkspace\TcloudServer\library\api\tMiddleware.py", line 111, in handle_before
    raise NotLoginException
library.api.exceptions.NotLoginException: not login

[2019-11-22 17:32:57,328][31152][project][tMiddleware.py 69 WARNING]: 
request  : /v1/project/  OPTIONS [handler: 0]
token    : notoken
projectid: noprojectid
query    : {}

Traceback (most recent call last):
  File "D:\Programs\python37\lib\site-packages\flask\app.py", line 1947, in full_dispatch_request
    rv = self.preprocess_request()
  File "D:\Programs\python37\lib\site-packages\flask\app.py", line 2241, in preprocess_request
    rv = func()
  File "G:\gitworkspace\TcloudServer\library\api\tMiddleware.py", line 111, in handle_before
    raise NotLoginException
library.api.exceptions.NotLoginException: not login

[2019-11-22 17:32:57,359][31152][project][tMiddleware.py 69 WARNING]: 
request  : /v1/project/  OPTIONS [handler: 0]
token    : notoken
projectid: noprojectid
query    : {}

Traceback (most recent call last):
  File "D:\Programs\python37\lib\site-packages\flask\app.py", line 1947, in full_dispatch_request
    rv = self.preprocess_request()
  File "D:\Programs\python37\lib\site-packages\flask\app.py", line 2241, in preprocess_request
    rv = func()
  File "G:\gitworkspace\TcloudServer\library\api\tMiddleware.py", line 111, in handle_before
    raise NotLoginException
library.api.exceptions.NotLoginException: not login

[2019-11-25 13:30:41,118][5420][project][tMiddleware.py 69 WARNING]: 
request  : /v1/project/  OPTIONS [handler: 0]
token    : notoken
projectid: noprojectid
query    : {}

Traceback (most recent call last):
  File "D:\Programs\python37\lib\site-packages\flask\app.py", line 1947, in full_dispatch_request
    rv = self.preprocess_request()
  File "D:\Programs\python37\lib\site-packages\flask\app.py", line 2241, in preprocess_request
    rv = func()
  File "G:\gitworkspace\TcloudServer\library\api\tMiddleware.py", line 111, in handle_before
    raise NotLoginException
library.api.exceptions.NotLoginException: not login

[2019-11-25 13:30:41,152][5420][project][tMiddleware.py 69 WARNING]: 
request  : /v1/project/  OPTIONS [handler: 0]
token    : notoken
projectid: noprojectid
query    : {}

Traceback (most recent call last):
  File "D:\Programs\python37\lib\site-packages\flask\app.py", line 1947, in full_dispatch_request
    rv = self.preprocess_request()
  File "D:\Programs\python37\lib\site-packages\flask\app.py", line 2241, in preprocess_request
    rv = func()
  File "G:\gitworkspace\TcloudServer\library\api\tMiddleware.py", line 111, in handle_before
    raise NotLoginException
library.api.exceptions.NotLoginException: not login

[2019-11-25 14:17:51,291][9756][project][tMiddleware.py 69 WARNING]: 
request  : /v1/project/  OPTIONS [handler: 0]
token    : notoken
projectid: noprojectid
query    : {}

Traceback (most recent call last):
  File "D:\Programs\python37\lib\site-packages\flask\app.py", line 1947, in full_dispatch_request
    rv = self.preprocess_request()
  File "D:\Programs\python37\lib\site-packages\flask\app.py", line 2241, in preprocess_request
    rv = func()
  File "G:\gitworkspace\TcloudServer\library\api\tMiddleware.py", line 111, in handle_before
    raise NotLoginException
library.api.exceptions.NotLoginException: not login

[2019-11-25 14:17:51,419][9756][project][tMiddleware.py 69 WARNING]: 
request  : /v1/project/  OPTIONS [handler: 0]
token    : notoken
projectid: noprojectid
query    : {}

Traceback (most recent call last):
  File "D:\Programs\python37\lib\site-packages\flask\app.py", line 1947, in full_dispatch_request
    rv = self.preprocess_request()
  File "D:\Programs\python37\lib\site-packages\flask\app.py", line 2241, in preprocess_request
    rv = func()
  File "G:\gitworkspace\TcloudServer\library\api\tMiddleware.py", line 111, in handle_before
    raise NotLoginException
library.api.exceptions.NotLoginException: not login

[2019-11-25 14:22:37,876][14912][project][tMiddleware.py 69 WARNING]: 
request  : /v1/project/  OPTIONS [handler: 0]
token    : notoken
projectid: noprojectid
query    : {}

Traceback (most recent call last):
  File "D:\Programs\python37\lib\site-packages\flask\app.py", line 1947, in full_dispatch_request
    rv = self.preprocess_request()
  File "D:\Programs\python37\lib\site-packages\flask\app.py", line 2241, in preprocess_request
    rv = func()
  File "G:\gitworkspace\TcloudServer\library\api\tMiddleware.py", line 111, in handle_before
    raise NotLoginException
library.api.exceptions.NotLoginException: not login

[2019-11-25 14:22:37,966][14912][project][tMiddleware.py 69 WARNING]: 
request  : /v1/project/  OPTIONS [handler: 0]
token    : notoken
projectid: noprojectid
query    : {}

Traceback (most recent call last):
  File "D:\Programs\python37\lib\site-packages\flask\app.py", line 1947, in full_dispatch_request
    rv = self.preprocess_request()
  File "D:\Programs\python37\lib\site-packages\flask\app.py", line 2241, in preprocess_request
    rv = func()
  File "G:\gitworkspace\TcloudServer\library\api\tMiddleware.py", line 111, in handle_before
    raise NotLoginException
library.api.exceptions.NotLoginException: not login

[2019-11-25 14:38:52,271][14872][project][tMiddleware.py 69 WARNING]: 
request  : /v1/project/  OPTIONS [handler: 0]
token    : notoken
projectid: noprojectid
query    : {}

Traceback (most recent call last):
  File "D:\Programs\python37\lib\site-packages\flask\app.py", line 1947, in full_dispatch_request
    rv = self.preprocess_request()
  File "D:\Programs\python37\lib\site-packages\flask\app.py", line 2241, in preprocess_request
    rv = func()
  File "G:\gitworkspace\TcloudServer\library\api\tMiddleware.py", line 111, in handle_before
    raise NotLoginException
library.api.exceptions.NotLoginException: not login

[2019-11-25 14:38:52,312][14872][project][tMiddleware.py 69 WARNING]: 
request  : /v1/project/  OPTIONS [handler: 0]
token    : notoken
projectid: noprojectid
query    : {}

Traceback (most recent call last):
  File "D:\Programs\python37\lib\site-packages\flask\app.py", line 1947, in full_dispatch_request
    rv = self.preprocess_request()
  File "D:\Programs\python37\lib\site-packages\flask\app.py", line 2241, in preprocess_request
    rv = func()
  File "G:\gitworkspace\TcloudServer\library\api\tMiddleware.py", line 111, in handle_before
    raise NotLoginException
library.api.exceptions.NotLoginException: not login

[2019-11-25 15:02:54,440][13080][project][tMiddleware.py 69 WARNING]: 
request  : /v1/project/  OPTIONS [handler: 0]
token    : notoken
projectid: noprojectid
query    : {}

Traceback (most recent call last):
  File "D:\Programs\python37\lib\site-packages\flask\app.py", line 1947, in full_dispatch_request
    rv = self.preprocess_request()
  File "D:\Programs\python37\lib\site-packages\flask\app.py", line 2241, in preprocess_request
    rv = func()
  File "G:\gitworkspace\TcloudServer\library\api\tMiddleware.py", line 111, in handle_before
    raise NotLoginException
library.api.exceptions.NotLoginException: not login

[2019-11-25 15:02:54,521][13080][project][tMiddleware.py 69 WARNING]: 
request  : /v1/project/  OPTIONS [handler: 0]
token    : notoken
projectid: noprojectid
query    : {}

Traceback (most recent call last):
  File "D:\Programs\python37\lib\site-packages\flask\app.py", line 1947, in full_dispatch_request
    rv = self.preprocess_request()
  File "D:\Programs\python37\lib\site-packages\flask\app.py", line 2241, in preprocess_request
    rv = func()
  File "G:\gitworkspace\TcloudServer\library\api\tMiddleware.py", line 111, in handle_before
    raise NotLoginException
library.api.exceptions.NotLoginException: not login

